CRITICAL - 2022-03-09 02:15:49 --> Undefined property: App\Controllers\Api::$StudentModel
#0 C:\xampp\htdocs\classroomMS\app\Controllers\Api.php(18): CodeIgniter\Debug\Exceptions->errorHandler(2, 'Undefined prope...', 'C:\\xampp\\htdocs...', 18)
#1 C:\xampp\htdocs\classroomMS\system\CodeIgniter.php(825): App\Controllers\Api->student()
#2 C:\xampp\htdocs\classroomMS\system\CodeIgniter.php(412): CodeIgniter\CodeIgniter->runController(Object(App\Controllers\Api))
#3 C:\xampp\htdocs\classroomMS\system\CodeIgniter.php(320): CodeIgniter\CodeIgniter->handleRequest(NULL, Object(Config\Cache), false)
#4 C:\xampp\htdocs\classroomMS\index.php(37): CodeIgniter\CodeIgniter->run()
#5 {main}
CRITICAL - 2022-03-09 02:16:27 --> Undefined property: App\Controllers\Api::$StudentModel
#0 C:\xampp\htdocs\classroomMS\app\Controllers\Api.php(18): CodeIgniter\Debug\Exceptions->errorHandler(2, 'Undefined prope...', 'C:\\xampp\\htdocs...', 18)
#1 C:\xampp\htdocs\classroomMS\system\CodeIgniter.php(825): App\Controllers\Api->student()
#2 C:\xampp\htdocs\classroomMS\system\CodeIgniter.php(412): CodeIgniter\CodeIgniter->runController(Object(App\Controllers\Api))
#3 C:\xampp\htdocs\classroomMS\system\CodeIgniter.php(320): CodeIgniter\CodeIgniter->handleRequest(NULL, Object(Config\Cache), false)
#4 C:\xampp\htdocs\classroomMS\index.php(37): CodeIgniter\CodeIgniter->run()
#5 {main}
CRITICAL - 2022-03-09 02:17:29 --> Undefined property: App\Controllers\Api::$StudentModel
#0 C:\xampp\htdocs\classroomMS\app\Controllers\Api.php(18): CodeIgniter\Debug\Exceptions->errorHandler(2, 'Undefined prope...', 'C:\\xampp\\htdocs...', 18)
#1 C:\xampp\htdocs\classroomMS\system\CodeIgniter.php(825): App\Controllers\Api->student()
#2 C:\xampp\htdocs\classroomMS\system\CodeIgniter.php(412): CodeIgniter\CodeIgniter->runController(Object(App\Controllers\Api))
#3 C:\xampp\htdocs\classroomMS\system\CodeIgniter.php(320): CodeIgniter\CodeIgniter->handleRequest(NULL, Object(Config\Cache), false)
#4 C:\xampp\htdocs\classroomMS\index.php(37): CodeIgniter\CodeIgniter->run()
#5 {main}
CRITICAL - 2022-03-09 02:17:36 --> Undefined property: App\Controllers\Api::$StudentModel
#0 C:\xampp\htdocs\classroomMS\app\Controllers\Api.php(18): CodeIgniter\Debug\Exceptions->errorHandler(2, 'Undefined prope...', 'C:\\xampp\\htdocs...', 18)
#1 C:\xampp\htdocs\classroomMS\system\CodeIgniter.php(825): App\Controllers\Api->student()
#2 C:\xampp\htdocs\classroomMS\system\CodeIgniter.php(412): CodeIgniter\CodeIgniter->runController(Object(App\Controllers\Api))
#3 C:\xampp\htdocs\classroomMS\system\CodeIgniter.php(320): CodeIgniter\CodeIgniter->handleRequest(NULL, Object(Config\Cache), false)
#4 C:\xampp\htdocs\classroomMS\index.php(37): CodeIgniter\CodeIgniter->run()
#5 {main}
ERROR - 2022-03-09 02:49:34 --> Unknown column 'CourseTeaching' in 'field list'
CRITICAL - 2022-03-09 03:11:41 --> Array callback must have exactly two elements
#0 C:\xampp\htdocs\classroomMS\system\CodeIgniter.php(825): App\Controllers\Api->course()
#1 C:\xampp\htdocs\classroomMS\system\CodeIgniter.php(412): CodeIgniter\CodeIgniter->runController(Object(App\Controllers\Api))
#2 C:\xampp\htdocs\classroomMS\system\CodeIgniter.php(320): CodeIgniter\CodeIgniter->handleRequest(NULL, Object(Config\Cache), false)
#3 C:\xampp\htdocs\classroomMS\index.php(37): CodeIgniter\CodeIgniter->run()
#4 {main}
CRITICAL - 2022-03-09 03:14:14 --> Array callback must have exactly two elements
#0 C:\xampp\htdocs\classroomMS\system\CodeIgniter.php(825): App\Controllers\Api->course()
#1 C:\xampp\htdocs\classroomMS\system\CodeIgniter.php(412): CodeIgniter\CodeIgniter->runController(Object(App\Controllers\Api))
#2 C:\xampp\htdocs\classroomMS\system\CodeIgniter.php(320): CodeIgniter\CodeIgniter->handleRequest(NULL, Object(Config\Cache), false)
#3 C:\xampp\htdocs\classroomMS\index.php(37): CodeIgniter\CodeIgniter->run()
#4 {main}
CRITICAL - 2022-03-09 03:14:15 --> Array callback must have exactly two elements
#0 C:\xampp\htdocs\classroomMS\system\CodeIgniter.php(825): App\Controllers\Api->course()
#1 C:\xampp\htdocs\classroomMS\system\CodeIgniter.php(412): CodeIgniter\CodeIgniter->runController(Object(App\Controllers\Api))
#2 C:\xampp\htdocs\classroomMS\system\CodeIgniter.php(320): CodeIgniter\CodeIgniter->handleRequest(NULL, Object(Config\Cache), false)
#3 C:\xampp\htdocs\classroomMS\index.php(37): CodeIgniter\CodeIgniter->run()
#4 {main}
CRITICAL - 2022-03-09 03:14:15 --> Array callback must have exactly two elements
#0 C:\xampp\htdocs\classroomMS\system\CodeIgniter.php(825): App\Controllers\Api->course()
#1 C:\xampp\htdocs\classroomMS\system\CodeIgniter.php(412): CodeIgniter\CodeIgniter->runController(Object(App\Controllers\Api))
#2 C:\xampp\htdocs\classroomMS\system\CodeIgniter.php(320): CodeIgniter\CodeIgniter->handleRequest(NULL, Object(Config\Cache), false)
#3 C:\xampp\htdocs\classroomMS\index.php(37): CodeIgniter\CodeIgniter->run()
#4 {main}
CRITICAL - 2022-03-09 03:14:18 --> Array callback must have exactly two elements
#0 C:\xampp\htdocs\classroomMS\system\CodeIgniter.php(825): App\Controllers\Api->course()
#1 C:\xampp\htdocs\classroomMS\system\CodeIgniter.php(412): CodeIgniter\CodeIgniter->runController(Object(App\Controllers\Api))
#2 C:\xampp\htdocs\classroomMS\system\CodeIgniter.php(320): CodeIgniter\CodeIgniter->handleRequest(NULL, Object(Config\Cache), false)
#3 C:\xampp\htdocs\classroomMS\index.php(37): CodeIgniter\CodeIgniter->run()
#4 {main}
CRITICAL - 2022-03-09 03:15:52 --> Array callback must have exactly two elements
#0 C:\xampp\htdocs\classroomMS\system\CodeIgniter.php(825): App\Controllers\Api->course()
#1 C:\xampp\htdocs\classroomMS\system\CodeIgniter.php(412): CodeIgniter\CodeIgniter->runController(Object(App\Controllers\Api))
#2 C:\xampp\htdocs\classroomMS\system\CodeIgniter.php(320): CodeIgniter\CodeIgniter->handleRequest(NULL, Object(Config\Cache), false)
#3 C:\xampp\htdocs\classroomMS\index.php(37): CodeIgniter\CodeIgniter->run()
#4 {main}
CRITICAL - 2022-03-09 03:17:28 --> Array callback must have exactly two elements
#0 C:\xampp\htdocs\classroomMS\system\CodeIgniter.php(825): App\Controllers\Api->course()
#1 C:\xampp\htdocs\classroomMS\system\CodeIgniter.php(412): CodeIgniter\CodeIgniter->runController(Object(App\Controllers\Api))
#2 C:\xampp\htdocs\classroomMS\system\CodeIgniter.php(320): CodeIgniter\CodeIgniter->handleRequest(NULL, Object(Config\Cache), false)
#3 C:\xampp\htdocs\classroomMS\index.php(37): CodeIgniter\CodeIgniter->run()
#4 {main}
CRITICAL - 2022-03-09 03:17:28 --> Array callback must have exactly two elements
#0 C:\xampp\htdocs\classroomMS\system\CodeIgniter.php(825): App\Controllers\Api->course()
#1 C:\xampp\htdocs\classroomMS\system\CodeIgniter.php(412): CodeIgniter\CodeIgniter->runController(Object(App\Controllers\Api))
#2 C:\xampp\htdocs\classroomMS\system\CodeIgniter.php(320): CodeIgniter\CodeIgniter->handleRequest(NULL, Object(Config\Cache), false)
#3 C:\xampp\htdocs\classroomMS\index.php(37): CodeIgniter\CodeIgniter->run()
#4 {main}
CRITICAL - 2022-03-09 03:17:29 --> Array callback must have exactly two elements
#0 C:\xampp\htdocs\classroomMS\system\CodeIgniter.php(825): App\Controllers\Api->course()
#1 C:\xampp\htdocs\classroomMS\system\CodeIgniter.php(412): CodeIgniter\CodeIgniter->runController(Object(App\Controllers\Api))
#2 C:\xampp\htdocs\classroomMS\system\CodeIgniter.php(320): CodeIgniter\CodeIgniter->handleRequest(NULL, Object(Config\Cache), false)
#3 C:\xampp\htdocs\classroomMS\index.php(37): CodeIgniter\CodeIgniter->run()
#4 {main}
CRITICAL - 2022-03-09 03:17:29 --> Array callback must have exactly two elements
#0 C:\xampp\htdocs\classroomMS\system\CodeIgniter.php(825): App\Controllers\Api->course()
#1 C:\xampp\htdocs\classroomMS\system\CodeIgniter.php(412): CodeIgniter\CodeIgniter->runController(Object(App\Controllers\Api))
#2 C:\xampp\htdocs\classroomMS\system\CodeIgniter.php(320): CodeIgniter\CodeIgniter->handleRequest(NULL, Object(Config\Cache), false)
#3 C:\xampp\htdocs\classroomMS\index.php(37): CodeIgniter\CodeIgniter->run()
#4 {main}
CRITICAL - 2022-03-09 03:17:29 --> Array callback must have exactly two elements
#0 C:\xampp\htdocs\classroomMS\system\CodeIgniter.php(825): App\Controllers\Api->course()
#1 C:\xampp\htdocs\classroomMS\system\CodeIgniter.php(412): CodeIgniter\CodeIgniter->runController(Object(App\Controllers\Api))
#2 C:\xampp\htdocs\classroomMS\system\CodeIgniter.php(320): CodeIgniter\CodeIgniter->handleRequest(NULL, Object(Config\Cache), false)
#3 C:\xampp\htdocs\classroomMS\index.php(37): CodeIgniter\CodeIgniter->run()
#4 {main}
CRITICAL - 2022-03-09 03:17:30 --> Array callback must have exactly two elements
#0 C:\xampp\htdocs\classroomMS\system\CodeIgniter.php(825): App\Controllers\Api->course()
#1 C:\xampp\htdocs\classroomMS\system\CodeIgniter.php(412): CodeIgniter\CodeIgniter->runController(Object(App\Controllers\Api))
#2 C:\xampp\htdocs\classroomMS\system\CodeIgniter.php(320): CodeIgniter\CodeIgniter->handleRequest(NULL, Object(Config\Cache), false)
#3 C:\xampp\htdocs\classroomMS\index.php(37): CodeIgniter\CodeIgniter->run()
#4 {main}
ERROR - 2022-03-09 03:23:46 --> Illegal parameter data types varchar and row for operation '='
ERROR - 2022-03-09 03:24:19 --> Illegal parameter data types varchar and row for operation '='
ERROR - 2022-03-09 03:24:50 --> Illegal parameter data types varchar and row for operation '='
ERROR - 2022-03-09 03:26:53 --> Illegal parameter data types varchar and row for operation '='
ERROR - 2022-03-09 03:30:41 --> Illegal parameter data types varchar and row for operation '='
ERROR - 2022-03-09 03:34:44 --> Illegal parameter data types varchar and row for operation '='
CRITICAL - 2022-03-09 07:25:13 --> Undefined variable $respData
#0 C:\xampp\htdocs\classroomMS\app\Controllers\API.php(444): CodeIgniter\Debug\Exceptions->errorHandler(2, 'Undefined varia...', 'C:\\xampp\\htdocs...', 444)
#1 C:\xampp\htdocs\classroomMS\system\CodeIgniter.php(825): App\Controllers\API->student()
#2 C:\xampp\htdocs\classroomMS\system\CodeIgniter.php(412): CodeIgniter\CodeIgniter->runController(Object(App\Controllers\API))
#3 C:\xampp\htdocs\classroomMS\system\CodeIgniter.php(320): CodeIgniter\CodeIgniter->handleRequest(NULL, Object(Config\Cache), false)
#4 C:\xampp\htdocs\classroomMS\index.php(37): CodeIgniter\CodeIgniter->run()
#5 {main}
CRITICAL - 2022-03-09 07:33:20 --> Undefined variable $respData
#0 C:\xampp\htdocs\classroomMS\app\Controllers\API.php(444): CodeIgniter\Debug\Exceptions->errorHandler(2, 'Undefined varia...', 'C:\\xampp\\htdocs...', 444)
#1 C:\xampp\htdocs\classroomMS\system\CodeIgniter.php(825): App\Controllers\API->student()
#2 C:\xampp\htdocs\classroomMS\system\CodeIgniter.php(412): CodeIgniter\CodeIgniter->runController(Object(App\Controllers\API))
#3 C:\xampp\htdocs\classroomMS\system\CodeIgniter.php(320): CodeIgniter\CodeIgniter->handleRequest(NULL, Object(Config\Cache), false)
#4 C:\xampp\htdocs\classroomMS\index.php(37): CodeIgniter\CodeIgniter->run()
#5 {main}
CRITICAL - 2022-03-09 07:33:43 --> Undefined variable $respData
#0 C:\xampp\htdocs\classroomMS\app\Controllers\API.php(444): CodeIgniter\Debug\Exceptions->errorHandler(2, 'Undefined varia...', 'C:\\xampp\\htdocs...', 444)
#1 C:\xampp\htdocs\classroomMS\system\CodeIgniter.php(825): App\Controllers\API->student()
#2 C:\xampp\htdocs\classroomMS\system\CodeIgniter.php(412): CodeIgniter\CodeIgniter->runController(Object(App\Controllers\API))
#3 C:\xampp\htdocs\classroomMS\system\CodeIgniter.php(320): CodeIgniter\CodeIgniter->handleRequest(NULL, Object(Config\Cache), false)
#4 C:\xampp\htdocs\classroomMS\index.php(37): CodeIgniter\CodeIgniter->run()
#5 {main}
CRITICAL - 2022-03-09 07:33:51 --> Undefined variable $respData
#0 C:\xampp\htdocs\classroomMS\app\Controllers\API.php(444): CodeIgniter\Debug\Exceptions->errorHandler(2, 'Undefined varia...', 'C:\\xampp\\htdocs...', 444)
#1 C:\xampp\htdocs\classroomMS\system\CodeIgniter.php(825): App\Controllers\API->student()
#2 C:\xampp\htdocs\classroomMS\system\CodeIgniter.php(412): CodeIgniter\CodeIgniter->runController(Object(App\Controllers\API))
#3 C:\xampp\htdocs\classroomMS\system\CodeIgniter.php(320): CodeIgniter\CodeIgniter->handleRequest(NULL, Object(Config\Cache), false)
#4 C:\xampp\htdocs\classroomMS\index.php(37): CodeIgniter\CodeIgniter->run()
#5 {main}
CRITICAL - 2022-03-09 22:46:05 --> Undefined variable $respData
#0 C:\xampp\htdocs\classroomMS\app\Controllers\API.php(444): CodeIgniter\Debug\Exceptions->errorHandler(2, 'Undefined varia...', 'C:\\xampp\\htdocs...', 444)
#1 C:\xampp\htdocs\classroomMS\system\CodeIgniter.php(825): App\Controllers\API->student()
#2 C:\xampp\htdocs\classroomMS\system\CodeIgniter.php(412): CodeIgniter\CodeIgniter->runController(Object(App\Controllers\API))
#3 C:\xampp\htdocs\classroomMS\system\CodeIgniter.php(320): CodeIgniter\CodeIgniter->handleRequest(NULL, Object(Config\Cache), false)
#4 C:\xampp\htdocs\classroomMS\index.php(37): CodeIgniter\CodeIgniter->run()
#5 {main}
CRITICAL - 2022-03-09 22:46:05 --> Undefined variable $respData
#0 C:\xampp\htdocs\classroomMS\app\Controllers\API.php(444): CodeIgniter\Debug\Exceptions->errorHandler(2, 'Undefined varia...', 'C:\\xampp\\htdocs...', 444)
#1 C:\xampp\htdocs\classroomMS\system\CodeIgniter.php(825): App\Controllers\API->student()
#2 C:\xampp\htdocs\classroomMS\system\CodeIgniter.php(412): CodeIgniter\CodeIgniter->runController(Object(App\Controllers\API))
#3 C:\xampp\htdocs\classroomMS\system\CodeIgniter.php(320): CodeIgniter\CodeIgniter->handleRequest(NULL, Object(Config\Cache), false)
#4 C:\xampp\htdocs\classroomMS\index.php(37): CodeIgniter\CodeIgniter->run()
#5 {main}
CRITICAL - 2022-03-09 22:46:51 --> Undefined variable $respData
#0 C:\xampp\htdocs\classroomMS\app\Controllers\API.php(444): CodeIgniter\Debug\Exceptions->errorHandler(2, 'Undefined varia...', 'C:\\xampp\\htdocs...', 444)
#1 C:\xampp\htdocs\classroomMS\system\CodeIgniter.php(825): App\Controllers\API->student()
#2 C:\xampp\htdocs\classroomMS\system\CodeIgniter.php(412): CodeIgniter\CodeIgniter->runController(Object(App\Controllers\API))
#3 C:\xampp\htdocs\classroomMS\system\CodeIgniter.php(320): CodeIgniter\CodeIgniter->handleRequest(NULL, Object(Config\Cache), false)
#4 C:\xampp\htdocs\classroomMS\index.php(37): CodeIgniter\CodeIgniter->run()
#5 {main}
